<?xml version="1.0" encoding="UTF-8"?>

<testsuite name="test.info.tiefenauer.jasskass.app.models.TextFileServiceTest" tests="5" failures="0" errors="2" skipped="0" time="0.019" hostname="AL-W138" timestamp="2014-04-11T06:39:17">
  <testcase classname="test.info.tiefenauer.jasskass.app.models::TextFileServiceTest" name="testRead" time="0.002">
    <error message="No file specified!" type="test.info.tiefenauer.jasskass.app.models::TextFileServiceTest.testRead"><![CDATA[Error: No file specified!
	at info.tiefenauer.jasskass.app.model::TextFileService/read()[D:\workspaces\flex\projects\JassKass\src\main\actionscript\info\tiefenauer\jasskass\app\model\TextFileService.as:37]
	at test.info.tiefenauer.jasskass.app.models::TextFileServiceTest/testRead()[D:\workspaces\flex\projects\JassKass\src\test\actionscript\test\info\tiefenauer\jasskass\app\models\TextFileServiceTest.as:64]
	at Function/http://adobe.com/AS3/2006/builtin::apply()
	at flex.lang.reflect::Method/apply()[D:\workspaces\flex\projects\flexunit3\FlexUnit4\src\flex\lang\reflect\Method.as:244]
	at org.flexunit.runners.model::FrameworkMethod/invokeExplosively()[D:\workspaces\flex\projects\flexunit3\FlexUnit4\src\org\flexunit\runners\model\FrameworkMethod.as:201]
	at org.flexunit.internals.runners.statements::InvokeMethod/evaluate()[D:\workspaces\flex\projects\flexunit3\FlexUnit4\src\org\flexunit\internals\runners\statements\InvokeMethod.as:72]
	at org.flexunit.internals.runners.statements::RunBeforesInline/handleSequenceExecuteComplete()[D:\workspaces\flex\projects\flexunit3\FlexUnit4\src\org\flexunit\internals\runners\statements\RunBeforesInline.as:112]
	at org.flexunit.token::AsyncTestToken/sendResult()[D:\workspaces\flex\projects\flexunit3\FlexUnit4\src\org\flexunit\token\AsyncTestToken.as:107]
	at org.flexunit.internals.runners.statements::AsyncStatementBase/sendComplete()[D:\workspaces\flex\projects\flexunit3\FlexUnit4\src\org\flexunit\internals\runners\statements\AsyncStatementBase.as:76]
	at org.flexunit.internals.runners.statements::StatementSequencer/sendComplete()[D:\workspaces\flex\projects\flexunit3\FlexUnit4\src\org\flexunit\internals\runners\statements\StatementSequencer.as:172]
	at org.flexunit.internals.runners.statements::StatementSequencer/handleChildExecuteComplete()[D:\workspaces\flex\projects\flexunit3\FlexUnit4\src\org\flexunit\internals\runners\statements\StatementSequencer.as:145]
	at org.flexunit.token::AsyncTestToken/sendResult()[D:\workspaces\flex\projects\flexunit3\FlexUnit4\src\org\flexunit\token\AsyncTestToken.as:107]
	at org.flexunit.internals.runners.statements::InvokeMethod/evaluate()[D:\workspaces\flex\projects\flexunit3\FlexUnit4\src\org\flexunit\internals\runners\statements\InvokeMethod.as:73]
	at org.flexunit.internals.runners.statements::SequencerWithDecoration/executeStep()[D:\workspaces\flex\projects\flexunit3\FlexUnit4\src\org\flexunit\internals\runners\statements\SequencerWithDecoration.as:100]
	at org.flexunit.internals.runners.statements::StatementSequencer/handleChildExecuteComplete()[D:\workspaces\flex\projects\flexunit3\FlexUnit4\src\org\flexunit\internals\runners\statements\StatementSequencer.as:141]
	at org.flexunit.internals.runners.statements::StatementSequencer/evaluate()[D:\workspaces\flex\projects\flexunit3\FlexUnit4\src\org\flexunit\internals\runners\statements\StatementSequencer.as:109]
	at org.flexunit.internals.runners.statements::RunBeforesInline/evaluate()[D:\workspaces\flex\projects\flexunit3\FlexUnit4\src\org\flexunit\internals\runners\statements\RunBeforesInline.as:97]
	at org.flexunit.internals.runners.statements::RunAftersInline/evaluate()[D:\workspaces\flex\projects\flexunit3\FlexUnit4\src\org\flexunit\internals\runners\statements\RunAftersInline.as:104]
	at org.flexunit.internals.runners.statements::StackAndFrameManagement/evaluate()[D:\workspaces\flex\projects\flexunit3\FlexUnit4\src\org\flexunit\internals\runners\statements\StackAndFrameManagement.as:126]
	at org.flexunit.runners::BlockFlexUnit4ClassRunner/runChild()[D:\workspaces\flex\projects\flexunit3\FlexUnit4\src\org\flexunit\runners\BlockFlexUnit4ClassRunner.as:153]
	at org.flexunit.internals.runners::ChildRunnerSequencer/executeStep()[D:\workspaces\flex\projects\flexunit3\FlexUnit4\src\org\flexunit\internals\runners\ChildRunnerSequencer.as:82]
	at org.flexunit.internals.runners.statements::StatementSequencer/handleChildExecuteComplete()[D:\workspaces\flex\projects\flexunit3\FlexUnit4\src\org\flexunit\internals\runners\statements\StatementSequencer.as:141]
	at org.flexunit.internals.runners.statements::StatementSequencer/evaluate()[D:\workspaces\flex\projects\flexunit3\FlexUnit4\src\org\flexunit\internals\runners\statements\StatementSequencer.as:109]
	at org.flexunit.internals.runners.statements::StatementSequencer/executeStep()[D:\workspaces\flex\projects\flexunit3\FlexUnit4\src\org\flexunit\internals\runners\statements\StatementSequencer.as:98]
	at org.flexunit.internals.runners.statements::StatementSequencer/handleChildExecuteComplete()[D:\workspaces\flex\projects\flexunit3\FlexUnit4\src\org\flexunit\internals\runners\statements\StatementSequencer.as:141]
	at org.flexunit.token::AsyncTestToken/sendResult()[D:\workspaces\flex\projects\flexunit3\FlexUnit4\src\org\flexunit\token\AsyncTestToken.as:107]
	at org.flexunit.internals.runners.statements::AsyncStatementBase/sendComplete()[D:\workspaces\flex\projects\flexunit3\FlexUnit4\src\org\flexunit\internals\runners\statements\AsyncStatementBase.as:76]
	at org.flexunit.internals.runners.statements::StatementSequencer/sendComplete()[D:\workspaces\flex\projects\flexunit3\FlexUnit4\src\org\flexunit\internals\runners\statements\StatementSequencer.as:172]
	at org.flexunit.internals.runners.statements::StatementSequencer/handleChildExecuteComplete()[D:\workspaces\flex\projects\flexunit3\FlexUnit4\src\org\flexunit\internals\runners\statements\StatementSequencer.as:145]
	at org.flexunit.token::AsyncTestToken/sendResult()[D:\workspaces\flex\projects\flexunit3\FlexUnit4\src\org\flexunit\token\AsyncTestToken.as:107]
	at org.flexunit.internals.runners.statements::InvokeMethod/evaluate()[D:\workspaces\flex\projects\flexunit3\FlexUnit4\src\org\flexunit\internals\runners\statements\InvokeMethod.as:73]
	at org.flexunit.internals.runners.statements::SequencerWithDecoration/executeStep()[D:\workspaces\flex\projects\flexunit3\FlexUnit4\src\org\flexunit\internals\runners\statements\SequencerWithDecoration.as:100]
	at org.flexunit.internals.runners.statements::StatementSequencer/handleChildExecuteComplete()[D:\workspaces\flex\projects\flexunit3\FlexUnit4\src\org\flexunit\internals\runners\statements\StatementSequencer.as:141]
	at org.flexunit.internals.runners.statements::StatementSequencer/evaluate()[D:\workspaces\flex\projects\flexunit3\FlexUnit4\src\org\flexunit\internals\runners\statements\StatementSequencer.as:109]
	at org.flexunit.internals.runners.statements::StatementSequencer/executeStep()[D:\workspaces\flex\projects\flexunit3\FlexUnit4\src\org\flexunit\internals\runners\statements\StatementSequencer.as:98]
	at org.flexunit.internals.runners.statements::StatementSequencer/handleChildExecuteComplete()[D:\workspaces\flex\projects\flexunit3\FlexUnit4\src\org\flexunit\internals\runners\statements\StatementSequencer.as:141]
	at org.flexunit.internals.runners.statements::StatementSequencer/evaluate()[D:\workspaces\flex\projects\flexunit3\FlexUnit4\src\org\flexunit\internals\runners\statements\StatementSequencer.as:109]
	at org.flexunit.runners::ParentRunner/run()[D:\workspaces\flex\projects\flexunit3\FlexUnit4\src\org\flexunit\runners\ParentRunner.as:483]
	at org.flexunit.runners::Suite/runChild()[D:\workspaces\flex\projects\flexunit3\FlexUnit4\src\org\flexunit\runners\Suite.as:151]
	at org.flexunit.internals.runners::ChildRunnerSequencer/executeStep()[D:\workspaces\flex\projects\flexunit3\FlexUnit4\src\org\flexunit\internals\runners\ChildRunnerSequencer.as:82]
	at org.flexunit.internals.runners.statements::StatementSequencer/handleChildExecuteComplete()[D:\workspaces\flex\projects\flexunit3\FlexUnit4\src\org\flexunit\internals\runners\statements\StatementSequencer.as:141]
	at org.flexunit.token::AsyncTestToken/sendResult()[D:\workspaces\flex\projects\flexunit3\FlexUnit4\src\org\flexunit\token\AsyncTestToken.as:107]
	at org.flexunit.runners::ParentRunner/handleRunnerComplete()[D:\workspaces\flex\projects\flexunit3\FlexUnit4\src\org\flexunit\runners\ParentRunner.as:520]
	at org.flexunit.token::AsyncTestToken/sendResult()[D:\workspaces\flex\projects\flexunit3\FlexUnit4\src\org\flexunit\token\AsyncTestToken.as:107]
	at org.flexunit.internals.runners.statements::AsyncStatementBase/sendComplete()[D:\workspaces\flex\projects\flexunit3\FlexUnit4\src\org\flexunit\internals\runners\statements\AsyncStatementBase.as:76]
	at org.flexunit.internals.runners.statements::StatementSequencer/sendComplete()[D:\workspaces\flex\projects\flexunit3\FlexUnit4\src\org\flexunit\internals\runners\statements\StatementSequencer.as:172]
	at org.flexunit.internals.runners.statements::StatementSequencer/handleChildExecuteComplete()[D:\workspaces\flex\projects\flexunit3\FlexUnit4\src\org\flexunit\internals\runners\statements\StatementSequencer.as:145]
	at org.flexunit.token::AsyncTestToken/sendResult()[D:\workspaces\flex\projects\flexunit3\FlexUnit4\src\org\flexunit\token\AsyncTestToken.as:107]
	at org.flexunit.internals.runners.statements::AsyncStatementBase/sendComplete()[D:\workspaces\flex\projects\flexunit3\FlexUnit4\src\org\flexunit\internals\runners\statements\AsyncStatementBase.as:76]
	at org.flexunit.internals.runners.statements::StatementSequencer/sendComplete()[D:\workspaces\flex\projects\flexunit3\FlexUnit4\src\org\flexunit\internals\runners\statements\StatementSequencer.as:172]
	at org.flexunit.internals.runners.statements::StatementSequencer/handleChildExecuteComplete()[D:\workspaces\flex\projects\flexunit3\FlexUnit4\src\org\flexunit\internals\runners\statements\StatementSequencer.as:145]
	at org.flexunit.token::AsyncTestToken/sendResult()[D:\workspaces\flex\projects\flexunit3\FlexUnit4\src\org\flexunit\token\AsyncTestToken.as:107]
	at org.flexunit.internals.runners.statements::InvokeMethod/evaluate()[D:\workspaces\flex\projects\flexunit3\FlexUnit4\src\org\flexunit\internals\runners\statements\InvokeMethod.as:73]
	at org.flexunit.internals.runners.statements::SequencerWithDecoration/executeStep()[D:\workspaces\flex\projects\flexunit3\FlexUnit4\src\org\flexunit\internals\runners\statements\SequencerWithDecoration.as:100]
	at org.flexunit.internals.runners.statements::StatementSequencer/handleChildExecuteComplete()[D:\workspaces\flex\projects\flexunit3\FlexUnit4\src\org\flexunit\internals\runners\statements\StatementSequencer.as:141]
	at org.flexunit.internals.runners.statements::StatementSequencer/evaluate()[D:\workspaces\flex\projects\flexunit3\FlexUnit4\src\org\flexunit\internals\runners\statements\StatementSequencer.as:109]
	at org.flexunit.internals.runners.statements::StatementSequencer/executeStep()[D:\workspaces\flex\projects\flexunit3\FlexUnit4\src\org\flexunit\internals\runners\statements\StatementSequencer.as:98]
	at org.flexunit.internals.runners.statements::StatementSequencer/handleChildExecuteComplete()[D:\workspaces\flex\projects\flexunit3\FlexUnit4\src\org\flexunit\internals\runners\statements\StatementSequencer.as:141]
	at org.flexunit.token::AsyncTestToken/sendResult()[D:\workspaces\flex\projects\flexunit3\FlexUnit4\src\org\flexunit\token\AsyncTestToken.as:107]
	at org.flexunit.internals.runners.statements::AsyncStatementBase/sendComplete()[D:\workspaces\flex\projects\flexunit3\FlexUnit4\src\org\flexunit\internals\runners\statements\AsyncStatementBase.as:76]
	at org.flexunit.internals.runners.statements::StatementSequencer/sendComplete()[D:\workspaces\flex\projects\flexunit3\FlexUnit4\src\org\flexunit\internals\runners\statements\StatementSequencer.as:172]
	at org.flexunit.internals.runners.statements::StatementSequencer/handleChildExecuteComplete()[D:\workspaces\flex\projects\flexunit3\FlexUnit4\src\org\flexunit\internals\runners\statements\StatementSequencer.as:145]
	at org.flexunit.token::AsyncTestToken/sendResult()[D:\workspaces\flex\projects\flexunit3\FlexUnit4\src\org\flexunit\token\AsyncTestToken.as:107]
	at org.flexunit.runners::BlockFlexUnit4ClassRunner/handleBlockComplete()[D:\workspaces\flex\projects\flexunit3\FlexUnit4\src\org\flexunit\runners\BlockFlexUnit4ClassRunner.as:190]]]></error>
  </testcase>
  <testcase classname="test.info.tiefenauer.jasskass.app.models::TextFileServiceTest" name="testReadFromDirectory" time="0.007"/>
  <testcase classname="test.info.tiefenauer.jasskass.app.models::TextFileServiceTest" name="testWriteToDirectory" time="0.001"/>
  <testcase classname="test.info.tiefenauer.jasskass.app.models::TextFileServiceTest" name="testWrite" time="0.002">
    <error message="Error #3003: File or directory does not exist." type="test.info.tiefenauer.jasskass.app.models::TextFileServiceTest.testWrite"><![CDATA[Error: Error #3003: File or directory does not exist.
	at flash.filesystem::FileStream/open()
	at test.info.tiefenauer.jasskass.app.models::TextFileServiceTest/testWrite()[D:\workspaces\flex\projects\JassKass\src\test\actionscript\test\info\tiefenauer\jasskass\app\models\TextFileServiceTest.as:73]
	at Function/http://adobe.com/AS3/2006/builtin::apply()
	at flex.lang.reflect::Method/apply()[D:\workspaces\flex\projects\flexunit3\FlexUnit4\src\flex\lang\reflect\Method.as:244]
	at org.flexunit.runners.model::FrameworkMethod/invokeExplosively()[D:\workspaces\flex\projects\flexunit3\FlexUnit4\src\org\flexunit\runners\model\FrameworkMethod.as:201]
	at org.flexunit.internals.runners.statements::InvokeMethod/evaluate()[D:\workspaces\flex\projects\flexunit3\FlexUnit4\src\org\flexunit\internals\runners\statements\InvokeMethod.as:72]
	at org.flexunit.internals.runners.statements::RunBeforesInline/handleSequenceExecuteComplete()[D:\workspaces\flex\projects\flexunit3\FlexUnit4\src\org\flexunit\internals\runners\statements\RunBeforesInline.as:112]
	at org.flexunit.token::AsyncTestToken/sendResult()[D:\workspaces\flex\projects\flexunit3\FlexUnit4\src\org\flexunit\token\AsyncTestToken.as:107]
	at org.flexunit.internals.runners.statements::AsyncStatementBase/sendComplete()[D:\workspaces\flex\projects\flexunit3\FlexUnit4\src\org\flexunit\internals\runners\statements\AsyncStatementBase.as:76]
	at org.flexunit.internals.runners.statements::StatementSequencer/sendComplete()[D:\workspaces\flex\projects\flexunit3\FlexUnit4\src\org\flexunit\internals\runners\statements\StatementSequencer.as:172]
	at org.flexunit.internals.runners.statements::StatementSequencer/handleChildExecuteComplete()[D:\workspaces\flex\projects\flexunit3\FlexUnit4\src\org\flexunit\internals\runners\statements\StatementSequencer.as:145]
	at org.flexunit.token::AsyncTestToken/sendResult()[D:\workspaces\flex\projects\flexunit3\FlexUnit4\src\org\flexunit\token\AsyncTestToken.as:107]
	at org.flexunit.internals.runners.statements::InvokeMethod/evaluate()[D:\workspaces\flex\projects\flexunit3\FlexUnit4\src\org\flexunit\internals\runners\statements\InvokeMethod.as:73]
	at org.flexunit.internals.runners.statements::SequencerWithDecoration/executeStep()[D:\workspaces\flex\projects\flexunit3\FlexUnit4\src\org\flexunit\internals\runners\statements\SequencerWithDecoration.as:100]
	at org.flexunit.internals.runners.statements::StatementSequencer/handleChildExecuteComplete()[D:\workspaces\flex\projects\flexunit3\FlexUnit4\src\org\flexunit\internals\runners\statements\StatementSequencer.as:141]
	at org.flexunit.internals.runners.statements::StatementSequencer/evaluate()[D:\workspaces\flex\projects\flexunit3\FlexUnit4\src\org\flexunit\internals\runners\statements\StatementSequencer.as:109]
	at org.flexunit.internals.runners.statements::RunBeforesInline/evaluate()[D:\workspaces\flex\projects\flexunit3\FlexUnit4\src\org\flexunit\internals\runners\statements\RunBeforesInline.as:97]
	at org.flexunit.internals.runners.statements::RunAftersInline/evaluate()[D:\workspaces\flex\projects\flexunit3\FlexUnit4\src\org\flexunit\internals\runners\statements\RunAftersInline.as:104]
	at org.flexunit.internals.runners.statements::StackAndFrameManagement/evaluate()[D:\workspaces\flex\projects\flexunit3\FlexUnit4\src\org\flexunit\internals\runners\statements\StackAndFrameManagement.as:126]
	at org.flexunit.runners::BlockFlexUnit4ClassRunner/runChild()[D:\workspaces\flex\projects\flexunit3\FlexUnit4\src\org\flexunit\runners\BlockFlexUnit4ClassRunner.as:153]
	at org.flexunit.internals.runners::ChildRunnerSequencer/executeStep()[D:\workspaces\flex\projects\flexunit3\FlexUnit4\src\org\flexunit\internals\runners\ChildRunnerSequencer.as:82]
	at org.flexunit.internals.runners.statements::StatementSequencer/handleChildExecuteComplete()[D:\workspaces\flex\projects\flexunit3\FlexUnit4\src\org\flexunit\internals\runners\statements\StatementSequencer.as:141]
	at org.flexunit.token::AsyncTestToken/sendResult()[D:\workspaces\flex\projects\flexunit3\FlexUnit4\src\org\flexunit\token\AsyncTestToken.as:107]
	at org.flexunit.runners::BlockFlexUnit4ClassRunner/handleBlockComplete()[D:\workspaces\flex\projects\flexunit3\FlexUnit4\src\org\flexunit\runners\BlockFlexUnit4ClassRunner.as:190]
	at org.flexunit.token::AsyncTestToken/sendResult()[D:\workspaces\flex\projects\flexunit3\FlexUnit4\src\org\flexunit\token\AsyncTestToken.as:107]
	at org.flexunit.internals.runners.statements::StackAndFrameManagement/handleNextExecuteComplete()[D:\workspaces\flex\projects\flexunit3\FlexUnit4\src\org\flexunit\internals\runners\statements\StackAndFrameManagement.as:148]
	at org.flexunit.token::AsyncTestToken/sendResult()[D:\workspaces\flex\projects\flexunit3\FlexUnit4\src\org\flexunit\token\AsyncTestToken.as:107]
	at org.flexunit.internals.runners.statements::AsyncStatementBase/sendComplete()[D:\workspaces\flex\projects\flexunit3\FlexUnit4\src\org\flexunit\internals\runners\statements\AsyncStatementBase.as:76]
	at org.flexunit.internals.runners.statements::ExpectException/handleNextExecuteComplete()[D:\workspaces\flex\projects\flexunit3\FlexUnit4\src\org\flexunit\internals\runners\statements\ExpectException.as:203]
	at org.flexunit.token::AsyncTestToken/sendResult()[D:\workspaces\flex\projects\flexunit3\FlexUnit4\src\org\flexunit\token\AsyncTestToken.as:107]
	at org.flexunit.internals.runners.statements::AsyncStatementBase/sendComplete()[D:\workspaces\flex\projects\flexunit3\FlexUnit4\src\org\flexunit\internals\runners\statements\AsyncStatementBase.as:76]
	at org.flexunit.internals.runners.statements::RunAftersInline/handleSequenceExecuteComplete()[D:\workspaces\flex\projects\flexunit3\FlexUnit4\src\org\flexunit\internals\runners\statements\RunAftersInline.as:138]
	at org.flexunit.token::AsyncTestToken/sendResult()[D:\workspaces\flex\projects\flexunit3\FlexUnit4\src\org\flexunit\token\AsyncTestToken.as:107]
	at org.flexunit.internals.runners.statements::AsyncStatementBase/sendComplete()[D:\workspaces\flex\projects\flexunit3\FlexUnit4\src\org\flexunit\internals\runners\statements\AsyncStatementBase.as:76]
	at org.flexunit.internals.runners.statements::StatementSequencer/sendComplete()[D:\workspaces\flex\projects\flexunit3\FlexUnit4\src\org\flexunit\internals\runners\statements\StatementSequencer.as:172]
	at org.flexunit.internals.runners.statements::StatementSequencer/handleChildExecuteComplete()[D:\workspaces\flex\projects\flexunit3\FlexUnit4\src\org\flexunit\internals\runners\statements\StatementSequencer.as:145]
	at org.flexunit.token::AsyncTestToken/sendResult()[D:\workspaces\flex\projects\flexunit3\FlexUnit4\src\org\flexunit\token\AsyncTestToken.as:107]
	at org.flexunit.internals.runners.statements::InvokeMethod/evaluate()[D:\workspaces\flex\projects\flexunit3\FlexUnit4\src\org\flexunit\internals\runners\statements\InvokeMethod.as:73]
	at org.flexunit.internals.runners.statements::SequencerWithDecoration/executeStep()[D:\workspaces\flex\projects\flexunit3\FlexUnit4\src\org\flexunit\internals\runners\statements\SequencerWithDecoration.as:100]
	at org.flexunit.internals.runners.statements::StatementSequencer/handleChildExecuteComplete()[D:\workspaces\flex\projects\flexunit3\FlexUnit4\src\org\flexunit\internals\runners\statements\StatementSequencer.as:141]
	at org.flexunit.internals.runners.statements::StatementSequencer/evaluate()[D:\workspaces\flex\projects\flexunit3\FlexUnit4\src\org\flexunit\internals\runners\statements\StatementSequencer.as:109]
	at org.flexunit.internals.runners.statements::RunAftersInline/handleNextStatementExecuteComplete()[D:\workspaces\flex\projects\flexunit3\FlexUnit4\src\org\flexunit\internals\runners\statements\RunAftersInline.as:116]
	at org.flexunit.token::AsyncTestToken/sendResult()[D:\workspaces\flex\projects\flexunit3\FlexUnit4\src\org\flexunit\token\AsyncTestToken.as:107]
	at org.flexunit.internals.runners.statements::AsyncStatementBase/sendComplete()[D:\workspaces\flex\projects\flexunit3\FlexUnit4\src\org\flexunit\internals\runners\statements\AsyncStatementBase.as:76]
	at org.flexunit.internals.runners.statements::RunBeforesInline/handleNextStatementExecuteComplete()[D:\workspaces\flex\projects\flexunit3\FlexUnit4\src\org\flexunit\internals\runners\statements\RunBeforesInline.as:125]
	at org.flexunit.token::AsyncTestToken/sendResult()[D:\workspaces\flex\projects\flexunit3\FlexUnit4\src\org\flexunit\token\AsyncTestToken.as:107]
	at org.flexunit.internals.runners.statements::InvokeMethod/evaluate()[D:\workspaces\flex\projects\flexunit3\FlexUnit4\src\org\flexunit\internals\runners\statements\InvokeMethod.as:75]
	at org.flexunit.internals.runners.statements::RunBeforesInline/handleSequenceExecuteComplete()[D:\workspaces\flex\projects\flexunit3\FlexUnit4\src\org\flexunit\internals\runners\statements\RunBeforesInline.as:112]
	at org.flexunit.token::AsyncTestToken/sendResult()[D:\workspaces\flex\projects\flexunit3\FlexUnit4\src\org\flexunit\token\AsyncTestToken.as:107]
	at org.flexunit.internals.runners.statements::AsyncStatementBase/sendComplete()[D:\workspaces\flex\projects\flexunit3\FlexUnit4\src\org\flexunit\internals\runners\statements\AsyncStatementBase.as:76]
	at org.flexunit.internals.runners.statements::StatementSequencer/sendComplete()[D:\workspaces\flex\projects\flexunit3\FlexUnit4\src\org\flexunit\internals\runners\statements\StatementSequencer.as:172]
	at org.flexunit.internals.runners.statements::StatementSequencer/handleChildExecuteComplete()[D:\workspaces\flex\projects\flexunit3\FlexUnit4\src\org\flexunit\internals\runners\statements\StatementSequencer.as:145]
	at org.flexunit.token::AsyncTestToken/sendResult()[D:\workspaces\flex\projects\flexunit3\FlexUnit4\src\org\flexunit\token\AsyncTestToken.as:107]
	at org.flexunit.internals.runners.statements::InvokeMethod/evaluate()[D:\workspaces\flex\projects\flexunit3\FlexUnit4\src\org\flexunit\internals\runners\statements\InvokeMethod.as:73]
	at org.flexunit.internals.runners.statements::SequencerWithDecoration/executeStep()[D:\workspaces\flex\projects\flexunit3\FlexUnit4\src\org\flexunit\internals\runners\statements\SequencerWithDecoration.as:100]
	at org.flexunit.internals.runners.statements::StatementSequencer/handleChildExecuteComplete()[D:\workspaces\flex\projects\flexunit3\FlexUnit4\src\org\flexunit\internals\runners\statements\StatementSequencer.as:141]
	at org.flexunit.internals.runners.statements::StatementSequencer/evaluate()[D:\workspaces\flex\projects\flexunit3\FlexUnit4\src\org\flexunit\internals\runners\statements\StatementSequencer.as:109]
	at org.flexunit.internals.runners.statements::RunBeforesInline/evaluate()[D:\workspaces\flex\projects\flexunit3\FlexUnit4\src\org\flexunit\internals\runners\statements\RunBeforesInline.as:97]
	at org.flexunit.internals.runners.statements::RunAftersInline/evaluate()[D:\workspaces\flex\projects\flexunit3\FlexUnit4\src\org\flexunit\internals\runners\statements\RunAftersInline.as:104]
	at org.flexunit.internals.runners.statements::ExpectException/evaluate()[D:\workspaces\flex\projects\flexunit3\FlexUnit4\src\org\flexunit\internals\runners\statements\ExpectException.as:152]
	at org.flexunit.internals.runners.statements::StackAndFrameManagement/evaluate()[D:\workspaces\flex\projects\flexunit3\FlexUnit4\src\org\flexunit\internals\runners\statements\StackAndFrameManagement.as:126]
	at org.flexunit.runners::BlockFlexUnit4ClassRunner/runChild()[D:\workspaces\flex\projects\flexunit3\FlexUnit4\src\org\flexunit\runners\BlockFlexUnit4ClassRunner.as:153]
	at org.flexunit.internals.runners::ChildRunnerSequencer/executeStep()[D:\workspaces\flex\projects\flexunit3\FlexUnit4\src\org\flexunit\internals\runners\ChildRunnerSequencer.as:82]
	at org.flexunit.internals.runners.statements::StatementSequencer/handleChildExecuteComplete()[D:\workspaces\flex\projects\flexunit3\FlexUnit4\src\org\flexunit\internals\runners\statements\StatementSequencer.as:141]]]></error>
  </testcase>
  <testcase classname="test.info.tiefenauer.jasskass.app.models::TextFileServiceTest" name="testReadInexistentFile" time="0.007"/>
</testsuite>
